Add Component: Footprint Not Found TO254P470X1028X1955-3P
Add Component: Footprint Not Found TO254P470X1028X1955-3P
Add Component: Footprint Not Found SHDR10W64P254_2X5_2036X885X925P
Add Component: Footprint Not Found FP-RAD-TH-D_8_0_5-L_15_1-MFG
Add Component: Footprint Not Found FP-RAD-TH-D_8_0_5-L_15_1-MFG
Add Component: Footprint Not Found FP-RAD-TH-D_8_0_5-L_15_1-MFG
Add Component: Footprint Not Found FP-RAD-TH-D_8_0_5-L_15_1-MFG
Add Component: Footprint Not Found FP-RCE1A2-MFG
Add Component: Footprint Not Found KEMT-C333C105M5U5TA-2
Add Component: Footprint Not Found KEMT-C333C105M5U5TA-2
Add Component: Footprint Not Found KEMT-C333C105M5U5TA-2
Add Component: Footprint Not Found KEMT-C333C105M5U5TA-2
Add Component: Footprint Not Found KEMT-C333C105M5U5TA-2
Add Component: Footprint Not Found KEMT-C333C105M5U5TA-2
Add Component: Footprint Not Found KEMT-C333C105M5U5TA-2
Add Component: Footprint Not Found KEMT-C333C105M5U5TA-2
Add Component: Footprint Not Found KEMT-C333C105M5U5TA-2
Add Component: Footprint Not Found KEMT-C333C105M5U5TA-2
Add Component: Footprint Not Found KEMT-C333C105M5U5TA-2
Add Component: Footprint Not Found KEMT-C333C105M5U5TA-2
Add Component: Footprint Not Found KEMT-C333C105M5U5TA-2
Add Component: Footprint Not Found FP-017AG-MFG
Add Component: Footprint Not Found FP-017AG-MFG
Add Component: Footprint Not Found FP-B2B-XH-A_LF_SN-MFG
Add Component: Footprint Not Found FP-B2B-XH-A_LF_SN-MFG
Add Component: Footprint Not Found FP-B2B-XH-A_LF_SN-MFG
Add Component: Footprint Not Found FP-B2B-XH-A_LF_SN-MFG
Add Component: Footprint Not Found FP-B2B-XH-A_LF_SN-MFG
Add Component: Footprint Not Found FP-B2B-XH-A_LF_SN-MFG
Add Component: Footprint Not Found FP-B2B-XH-A_LF_SN-MFG
Add Component: Footprint Not Found FP-B2B-XH-A_LF_SN-MFG
Add Component: Footprint Not Found FP-B2B-XH-A_LF_SN-MFG
Add Component: Footprint Not Found FP-B2B-XH-A_LF_SN-MFG
Add Component: Footprint Not Found DIP794W53P254L959H508Q8N
Add Component: Footprint Not Found DIP794W56P254L928H457Q8N
Add Component: Footprint Not Found DIP794W56P254L928H457Q8N
Add Component: Footprint Not Found DIP794W56P254L928H457Q8N
Add Component: Footprint Not Found DIP794W56P254L959H533Q8N
Add Component: Footprint Not Found FP-B2B-XH-A_LF_SN-MFG
Add Component: Footprint Not Found FP-440054-3-MFG
Add Component: Footprint Not Found FP-B2B-XH-A_LF_SN-MFG
Add Component: Footprint Not Found FP-440054-3-MFG
Add Component: Footprint Not Found FP-4-644456-0-MFG
Add Component: Footprint Not Found FP-TO-220-P0A0015988-MFG
Add Component: Footprint Not Found FP-TO-220-P0A0015988-MFG
Add Component: Footprint Not Found FAIR-TO-92
Add Component: Footprint Not Found ONSC-TO-220-3-221A-09
Add Component: Footprint Not Found ONSC-TO-220-3-221A-09
Add Component: Footprint Not Found FP-RR01-MFG
Add Component: Footprint Not Found FP-RR01-MFG
Add Component: Footprint Not Found FP-RLR07-MFG
Add Component: Footprint Not Found FP-RLR07-MFG
Add Component: Footprint Not Found FP-MBB0207-MFG
Add Component: Footprint Not Found FP-MBB0207-MFG
Add Component: Footprint Not Found FP-MBB0207-MFG
Add Component: Footprint Not Found FP-MBB0207-MFG
Add Component: Footprint Not Found FP-MBB0207-MFG
Add Component: Footprint Not Found FP-MBB0207-MFG
Add Component: Footprint Not Found FP-MBB0207-MFG
Add Component: Footprint Not Found FP-MBB0207-MFG
Add Component: Footprint Not Found FP-MBB0207-MFG
Add Component: Footprint Not Found FP-MBB0207-MFG
Add Component: Footprint Not Found FP-MBB0207-MFG
Add Component: Footprint Not Found FP-MBB0207-MFG
Add Component: Footprint Not Found FP-MBB0207-MFG
Add Component: Footprint Not Found FP-MBB0207-MFG
Add Component: Footprint Not Found B4BXHALFSN
Add Component: Footprint Not Found 690357100672
Add Component: Footprint Not Found B4BXHALFSN
Add Component: Footprint Not Found FP-4-644456-0-MFG
Add Component: Footprint Not Found P0008A
Added Net: Name=+VCCIN
Added Net: Name=+VCC
Added Net: Name=-VCCIN
Added Net: Name=-VCC
Added Net: Name=GND
Added Net: Name=Net12VReG_1
Added Net: Name=Net-12VReg_2
Added Net: Name=Net\MAIN_1
Added Net: Name=NetC6_1
Added Net: Name=NetC6_2
Added Net: Name=NetC7_2
Added Net: Name=NetC8_2
Added Net: Name=NetC9_1
Added Net: Name=NetC9_2
Added Net: Name=NetC10_1
Added Net: Name=NetC11_1
Added Net: Name=NetC12_1
Added Net: Name=NetC13_1
Added Net: Name=NetC14_1
Added Net: Name=NetC15_1
Added Net: Name=NetC16_1
Added Net: Name=NetC17_1
Added Net: Name=NetC18_1
Added Net: Name=NetD1_1
Added Net: Name=NetD1_2
Added Net: Name=NetH1_1
Added Net: Name=NetH1_2
Added Net: Name=NetH2_1
Added Net: Name=NetH2_2
Added Net: Name=NetH3_1
Added Net: Name=NetH3_2
Added Net: Name=NetH4_1
Added Net: Name=NetH4_2
Added Net: Name=NetH5_1
Added Net: Name=NetH5_2
Added Net: Name=NetH7_2
Added Net: Name=NetH10_2
Added Net: Name=NetIC1_3
Added Net: Name=NetIC1_6
Added Net: Name=NetIC2_3
Added Net: Name=NetIC4_6
Added Net: Name=NetIC5_6
Added Net: Name=NetIC5_7
Added Net: Name=NetQ3_3
Added Net: Name=NetR7_2
Added Net: Name=NetR13_1
Added Net: Name=PWM
Added Net: Name=SAW TOOTH
Added Net: Name=SIN
Added Net: Name=SQUARE -> SAW TOOTH
Added Net: Name=SQUARE
Added Net: Name=TRANGULAR -> PWM
Added Net: Name=TRANGULAR IN
Added Net: Name=TRANGULAR
Added Class: Name=Sheet1
Added Room: Name=Sheet1
